c:\programming\c++\cppintrochallenges\x64\debug\vc142.pdb
c:\programming\c++\cppintrochallenges\x64\debug\vc142.idb
c:\programming\c++\cppintrochallenges\x64\debug\swap.obj
c:\programming\c++\cppintrochallenges\x64\debug\reversecollection.obj
c:\programming\c++\cppintrochallenges\x64\debug\permutations.obj
c:\programming\c++\cppintrochallenges\x64\debug\palindrome.obj
c:\programming\c++\cppintrochallenges\x64\debug\occurencesofcharactersinastring.obj
c:\programming\c++\cppintrochallenges\x64\debug\nthbitofanumber.obj
c:\programming\c++\cppintrochallenges\x64\debug\minmaxsumaverage.obj
c:\programming\c++\cppintrochallenges\x64\debug\linearsearchword.obj
c:\programming\c++\cppintrochallenges\x64\debug\linearsearch.obj
c:\programming\c++\cppintrochallenges\x64\debug\lastdigitofanumber.obj
c:\programming\c++\cppintrochallenges\x64\debug\fibonaccinumbers.obj
c:\programming\c++\cppintrochallenges\x64\debug\evenorodd.obj
c:\programming\c++\cppintrochallenges\x64\debug\constructororderininheritance.obj
c:\programming\c++\cppintrochallenges\x64\debug\celsiustofahrenheit.obj
c:\programming\c++\cppintrochallenges\x64\debug\assignments.obj
c:\programming\c++\cppintrochallenges\x64\debug\arithmeticprogression.obj
c:\programming\c++\cppintrochallenges\x64\debug\absolutedifference.obj
c:\programming\c++\cppintrochallenges\x64\debug\compressstring.obj
c:\programming\c++\cppintrochallenges\x64\debug\swapintermediate.obj
c:\programming\c++\cppintrochallenges\x64\debug\swapbitwise.obj
c:\programming\c++\cppintrochallenges\x64\debug\containsnumber.obj
c:\programming\c++\cppintrochallenges\x64\debug\luckynumber.obj
c:\programming\c++\cppintrochallenges\x64\debug\guessinggame.obj
c:\programming\c++\cppintrochallenges\x64\debug\absolutedifference.pdb
c:\programming\c++\cppintrochallenges\x64\debug\arithmeticprogression.pdb
c:\programming\c++\cppintrochallenges\x64\debug\celsiustofahrenheit.pdb
c:\programming\c++\cppintrochallenges\x64\debug\compressstring.pdb
c:\programming\c++\cppintrochallenges\x64\debug\constructororderinheritance.pdb
c:\programming\c++\cppintrochallenges\x64\debug\containsnumber.pdb
c:\programming\c++\cppintrochallenges\x64\debug\cppintrochallenges.pdb
c:\programming\c++\cppintrochallenges\x64\debug\evenorodd.pdb
c:\programming\c++\cppintrochallenges\x64\debug\fibonaccinumbers.pdb
c:\programming\c++\cppintrochallenges\x64\debug\guessinggame.pdb
c:\programming\c++\cppintrochallenges\x64\debug\lastdigitofanumber.pdb
c:\programming\c++\cppintrochallenges\x64\debug\linearsearch.pdb
c:\programming\c++\cppintrochallenges\x64\debug\linearsearchword.pdb
c:\programming\c++\cppintrochallenges\x64\debug\cppintro.e0727936.tlog\cl.command.1.tlog
c:\programming\c++\cppintrochallenges\x64\debug\cppintro.e0727936.tlog\cl.read.1.tlog
c:\programming\c++\cppintrochallenges\x64\debug\cppintro.e0727936.tlog\cl.write.1.tlog
c:\programming\c++\cppintrochallenges\x64\debug\cppintro.e0727936.tlog\link-cvtres.read.1.tlog
c:\programming\c++\cppintrochallenges\x64\debug\cppintro.e0727936.tlog\link-cvtres.write.1.tlog
c:\programming\c++\cppintrochallenges\x64\debug\cppintro.e0727936.tlog\link-rc.read.1.tlog
c:\programming\c++\cppintrochallenges\x64\debug\cppintro.e0727936.tlog\link-rc.write.1.tlog
c:\programming\c++\cppintrochallenges\x64\debug\cppintro.e0727936.tlog\link.command.1.tlog
c:\programming\c++\cppintrochallenges\x64\debug\cppintro.e0727936.tlog\link.read.1.tlog
c:\programming\c++\cppintrochallenges\x64\debug\cppintro.e0727936.tlog\link.read.2.tlog
c:\programming\c++\cppintrochallenges\x64\debug\cppintro.e0727936.tlog\link.write.1.tlog
